<?xml version="1.0" encoding="UTF-8"?>
<testng-results skipped="0" failed="0" ignored="0" total="1" passed="1">
  <reporter-output>
  </reporter-output>
  <suite name="DefaultSuite" duration-ms="80221" started-at="2017-09-29T08:09:46Z" finished-at="2017-09-29T08:11:06Z">
    <groups>
    </groups>
    <test name="Test1" duration-ms="80221" started-at="2017-09-29T08:09:46Z" finished-at="2017-09-29T08:11:06Z">
      <class name="saucelabsDemo.DemoProg">
        <test-method status="PASS" signature="test()[pri:0, instance:saucelabsDemo.DemoProg@32e6e9c3]" name="test" duration-ms="80119" started-at="2017-09-29T13:39:46Z" finished-at="2017-09-29T13:41:06Z">
          <reporter-output>
          </reporter-output>
        </test-method> <!-- test -->
      </class> <!-- saucelabsDemo.DemoProg -->
    </test> <!-- Test1 -->
  </suite> <!-- DefaultSuite -->
</testng-results>
